D:\CPP\DIGGER\DIGGER_SOLUTION\DEBUG\DIGGER_SOLUTION.EXE
D:\CPP\DIGGER\DIGGER_SOLUTION\DEBUG\DIGGER_SOLUTION.ILK
D:\CPP\DIGGER\DIGGER_SOLUTION\DEBUG\DIGGER_SOLUTION.PDB
D:\CPP\DIGGER\DIGGER_SOLUTION\DIGGER_SOLUTION\DEBUG\APP.OBJ
D:\CPP\DIGGER\DIGGER_SOLUTION\DIGGER_SOLUTION\DEBUG\BMP.OBJ
D:\CPP\Digger\digger_solution\digger_solution\Debug\cl.command.1.tlog
D:\CPP\Digger\digger_solution\digger_solution\Debug\CL.read.1.tlog
D:\CPP\Digger\digger_solution\digger_solution\Debug\CL.write.1.tlog
D:\CPP\DIGGER\DIGGER_SOLUTION\DIGGER_SOLUTION\DEBUG\DIGGER_MENU.RES
D:\CPP\DIGGER\DIGGER_SOLUTION\DIGGER_SOLUTION\DEBUG\DIGGER_SOLUTION.EXE.INTERMEDIATE.MANIFEST
D:\CPP\DIGGER\DIGGER_SOLUTION\DIGGER_SOLUTION\DEBUG\GFXWIN.OBJ
D:\CPP\Digger\digger_solution\digger_solution\Debug\link.command.1.tlog
D:\CPP\Digger\digger_solution\digger_solution\Debug\link.read.1.tlog
D:\CPP\Digger\digger_solution\digger_solution\Debug\link.write.1.tlog
D:\CPP\Digger\digger_solution\digger_solution\Debug\link-cvtres.read.1.tlog
D:\CPP\Digger\digger_solution\digger_solution\Debug\link-cvtres.write.1.tlog
D:\CPP\DIGGER\DIGGER_SOLUTION\DIGGER_SOLUTION\DEBUG\MAIN.OBJ
D:\CPP\DIGGER\DIGGER_SOLUTION\DIGGER_SOLUTION\DEBUG\MENU.RES
D:\CPP\Digger\digger_solution\digger_solution\Debug\mt.command.1.tlog
D:\CPP\Digger\digger_solution\digger_solution\Debug\mt.read.1.tlog
D:\CPP\Digger\digger_solution\digger_solution\Debug\mt.write.1.tlog
D:\CPP\Digger\digger_solution\digger_solution\Debug\rc.command.1.tlog
D:\CPP\Digger\digger_solution\digger_solution\Debug\rc.read.1.tlog
D:\CPP\Digger\digger_solution\digger_solution\Debug\rc.write.1.tlog
D:\CPP\Digger\digger_solution\digger_solution\Debug\vc100.idb
D:\CPP\DIGGER\DIGGER_SOLUTION\DIGGER_SOLUTION\DEBUG\VC100.PDB
D:\CPP\DIGGER\DIGGER_SOLUTION\DIGGER_SOLUTION\DEBUG\WIN.OBJ
